
11:38:02 345309 [D      ] [-.-:1:1] automake: configuring automake: ['nriw', 100].
11:38:02 345309 [D      ] [-.-:1:1] automake: registered events: TextChangedI, FileType, FileChangedShellPost, InsertLeave, BufWritePost, BufWinEnter, TextChanged.
11:38:02 345309 [D      ] [-.-:1:1] Using setting automake.ignore_filetypes=['startify'] from 'global'.
11:38:02 345309 [D      ] [-.-:1:1] Using setting automake.events={'TextChangedI': {}, 'FileType': {}, 'FileChangedShellPost': {}, 'InsertLeave': {}, 'BufWritePost': {'delay': 0}, 'BufWinEnter': {}, 'TextChanged': {}} from 'global'.
11:38:02 345309 [D      ] [-.-:1:1] automake: configured buffer for ft=javascript (eslintGeneralEditor (default)).
11:38:02 345309 [D      ] [-.-:1:1] automake: setting tick for new buffer.
11:38:02 345309 [D      ] [-.-:1:1] automake: handling event BufWinEnter.
11:38:02 345309 [D      ] [-.-:1:1] automake: automake for event BufWinEnter.
11:38:02 345309 [D      ] [-.-:1:1] automake: tick changed (new).
11:38:02 345309 [D      ] [-.-:1:1] automake: started timer (100ms): 2.
11:38:02 345309 [D      ] [1.-:1:1] Running makers: eslintGeneralEditor.
11:38:02 345309 [D      ] [-.-:1:1] automake: updating tick: 3.
11:38:02 345309 [V      ] [1.1:1:1] Starting async job: eslint -c .eslintrc-editor --format=compact --ignore-pattern '!.*.js' testData/basic.js.
11:38:02 345309 [D      ] [1.1:1:1] cwd: /home/hoschi/repos/nfbe/yode-nvim.
11:38:02 345309 [D +0.08] [-.-:1:1] automake: callback for timer 2 (via BufWinEnter).
11:38:02 345309 [D      ] [-.-:1:1] automake: skipping for already running jobs: ['Job 1: eslintGeneralEditor'].
11:38:02 345309 [D +0.18] [1.1:1:1] output on stdout: ['/home/hoschi/repos/nfbe/yode-nvim/testData/basic.js: line 14, col 11, Error - ''foo'' is assigned a value but never used. (no-unused-vars)', '/home/hoschi/repos/nfbe/yode-nvim/testData/basic.js: line 52, col 53, Warning - Expected ''==='' and instead saw ''==''. (eqeqeq)', '', '2 problems', ''].
11:38:02 345309 [D      ] [1.1:1:1] exit: eslintGeneralEditor: 1.
11:38:02 345309 [D      ] [1.1:1:1] Processing 4 lines of output.
11:38:02 345309 [D      ] [1.-:1:1] Adding 2 list entries.
11:38:02 345309 [D      ] [1.-:1:1] Creating location list for entries.
11:38:02 345309 [D      ] list: call: set: [0, [], ' ', {'context': {'neomake': {'make_info': 'make_id=1'}}, 'items': [], 'title': 'Neomake[file]: t/basic.js (eslintGeneralEditor...)'}].
11:38:02 345309 [D      ] list: got qfid (action=set): 2.
11:38:02 345309 [D      ] list: call: set: [0, [], 'a', {'id': 2, 'items': [{'lnum': 14, 'bufnr': 1, 'end_lnum': 0, 'valid': 1, 'vcol': 0, 'nr': -1, 'module': '', 'type': 'E', 'col': 11, 'end_col': 0, 'pattern': '', 'text': '''foo'' is assigned a value but never used. (no-unused-vars)'}, {'lnum': 52, 'bufnr': 1, 'end_lnum': 0, 'valid': 1, 'vcol': 0, 'nr': -1, 'module': '', 'type': 'W', 'col': 53, 'end_col': 0, 'pattern': '', 'text': 'Expected ''==='' and instead saw ''==''. (eqeqeq)'}], 'title': 'Neomake[file]: t/basic.js (eslintGeneralEditor...)'}].
11:38:02 345309 [D      ] list: call: "get", returning items: [['getloclist', [0, {'id': 2, 'items': 1}]]].
11:38:02 345309 [D      ] [1.1:1:1] Processing 2 entries.
11:38:02 345309 [D      ] [1.-:1:1] File-level errors cleaned.
11:38:02 345309 [D      ] [-.-:1:1] Placing sign: sign place 5000 line=14 name=neomake_file_err buffer=1.
11:38:02 345309 [D      ] [-.-:1:1] Placing sign: sign place 5001 line=52 name=neomake_file_warn buffer=1.
11:38:02 345309 [D      ] [1.1:1:1] eslintGeneralEditor: completed with exit code 1.
11:38:02 345309 [D      ] [1.1:1:1] Cleaning jobinfo.
11:38:02 345309 [D      ] list: call: "title": [0, [], 'a', {'id': 2, 'title': 'Neomake[file]: t/basic.js (eslintGeneralEditor(2))'}].
11:38:02 345309 [D      ] [1.-:1:1] Cleaning make info.
